2022-04-19 08:54:12,628 ERROR: Exception on /forumpost/index [GET] [in Z:\_\microblog\venv\lib\site-packages\flask\app.py:1457]
Traceback (most recent call last):
  File "Z:\_\microblog\venv\lib\site-packages\flask\app.py", line 2073, in wsgi_app
    response = self.full_dispatch_request()
  File "Z:\_\microblog\venv\lib\site-packages\flask\app.py", line 1519, in full_dispatch_request
    return self.finalize_request(rv)
  File "Z:\_\microblog\venv\lib\site-packages\flask\app.py", line 1538, in finalize_request
    response = self.make_response(rv)
  File "Z:\_\microblog\venv\lib\site-packages\flask\app.py", line 1701, in make_response
    raise TypeError(
TypeError: The view function for 'main.forumpost' did not return a valid response. The function either returned None or ended without a return statement.
2022-04-19 08:54:14,054 ERROR: Exception on /forumpost/index [GET] [in Z:\_\microblog\venv\lib\site-packages\flask\app.py:1457]
Traceback (most recent call last):
  File "Z:\_\microblog\venv\lib\site-packages\flask\app.py", line 2073, in wsgi_app
    response = self.full_dispatch_request()
  File "Z:\_\microblog\venv\lib\site-packages\flask\app.py", line 1519, in full_dispatch_request
    return self.finalize_request(rv)
  File "Z:\_\microblog\venv\lib\site-packages\flask\app.py", line 1538, in finalize_request
    response = self.make_response(rv)
  File "Z:\_\microblog\venv\lib\site-packages\flask\app.py", line 1701, in make_response
    raise TypeError(
TypeError: The view function for 'main.forumpost' did not return a valid response. The function either returned None or ended without a return statement.
2022-04-19 09:17:58,839 INFO: Microblog startup [in Z:\_\microblog\app\__init__.py:178]
2022-04-19 09:19:00,620 ERROR: Exception on /forumpost/index [GET] [in Z:\_\microblog\venv\lib\site-packages\flask\app.py:1457]
Traceback (most recent call last):
  File "Z:\_\microblog\venv\lib\site-packages\flask\app.py", line 2073, in wsgi_app
    response = self.full_dispatch_request()
  File "Z:\_\microblog\venv\lib\site-packages\flask\app.py", line 1519, in full_dispatch_request
    return self.finalize_request(rv)
  File "Z:\_\microblog\venv\lib\site-packages\flask\app.py", line 1538, in finalize_request
    response = self.make_response(rv)
  File "Z:\_\microblog\venv\lib\site-packages\flask\app.py", line 1701, in make_response
    raise TypeError(
TypeError: The view function for 'main.forumpost' did not return a valid response. The function either returned None or ended without a return statement.
2022-04-19 17:11:23,212 INFO: Microblog startup [in Z:\_\microblog\app\__init__.py:178]
2022-04-19 17:11:28,070 INFO: Microblog startup [in Z:\_\microblog\app\__init__.py:178]
2022-04-19 17:38:39,447 INFO: Microblog startup [in Z:\_\microblog\app\__init__.py:181]
2022-04-19 17:38:43,115 INFO: Microblog startup [in Z:\_\microblog\app\__init__.py:181]
2022-04-19 17:39:05,235 INFO: Microblog startup [in Z:\_\microblog\app\__init__.py:181]
2022-04-19 17:39:08,698 INFO: Microblog startup [in Z:\_\microblog\app\__init__.py:181]
2022-04-19 17:39:21,461 INFO: Microblog startup [in Z:\_\microblog\app\__init__.py:181]
2022-04-19 17:39:24,662 INFO: Microblog startup [in Z:\_\microblog\app\__init__.py:181]
2022-04-19 17:51:54,428 INFO: Microblog startup [in Z:\_\microblog\app\__init__.py:181]
2022-04-19 17:51:57,337 INFO: Microblog startup [in Z:\_\microblog\app\__init__.py:181]
2022-04-19 18:21:02,339 INFO: Microblog startup [in Z:\_\microblog\app\__init__.py:183]
2022-04-19 18:21:06,195 INFO: Microblog startup [in Z:\_\microblog\app\__init__.py:183]
2022-04-19 18:42:38,185 INFO: Microblog startup [in Z:\_\microblog\app\__init__.py:183]
2022-04-19 18:42:41,558 INFO: Microblog startup [in Z:\_\microblog\app\__init__.py:183]
2022-04-19 18:46:48,258 INFO: Microblog startup [in Z:\_\microblog\app\__init__.py:183]
2022-04-19 18:46:53,875 INFO: Microblog startup [in Z:\_\microblog\app\__init__.py:183]
2022-04-19 18:46:58,458 INFO: Microblog startup [in Z:\_\microblog\app\__init__.py:183]
2022-04-19 18:47:01,237 INFO: Microblog startup [in Z:\_\microblog\app\__init__.py:183]
2022-04-19 18:47:03,627 INFO: Microblog startup [in Z:\_\microblog\app\__init__.py:183]
2022-04-19 18:47:05,925 INFO: Microblog startup [in Z:\_\microblog\app\__init__.py:183]
2022-04-19 18:47:08,235 INFO: Microblog startup [in Z:\_\microblog\app\__init__.py:183]
2022-04-19 18:47:10,474 INFO: Microblog startup [in Z:\_\microblog\app\__init__.py:183]
2022-04-19 18:47:13,260 INFO: Microblog startup [in Z:\_\microblog\app\__init__.py:183]
2022-04-19 18:47:15,583 INFO: Microblog startup [in Z:\_\microblog\app\__init__.py:183]
2022-04-19 18:49:15,858 INFO: Microblog startup [in Z:\_\microblog\app\__init__.py:183]
2022-04-19 18:50:33,638 INFO: Microblog startup [in Z:\_\microblog\app\__init__.py:183]
2022-04-19 18:50:41,478 INFO: Microblog startup [in Z:\_\microblog\app\__init__.py:183]
2022-04-19 18:51:10,218 INFO: Microblog startup [in Z:\_\microblog\app\__init__.py:183]
2022-04-19 18:51:30,794 INFO: Microblog startup [in Z:\_\microblog\app\__init__.py:183]
2022-04-19 18:51:50,354 INFO: Microblog startup [in Z:\_\microblog\app\__init__.py:183]
2022-04-19 18:52:21,525 INFO: Microblog startup [in Z:\_\microblog\app\__init__.py:183]
2022-04-19 19:04:01,958 INFO: Microblog startup [in Z:\_\microblog\app\__init__.py:183]
2022-04-19 19:05:02,672 INFO: Microblog startup [in Z:\_\microblog\app\__init__.py:183]
2022-04-19 19:05:09,131 INFO: Microblog startup [in Z:\_\microblog\app\__init__.py:183]
2022-04-19 19:05:15,304 INFO: Microblog startup [in Z:\_\microblog\app\__init__.py:183]
2022-04-19 19:06:59,109 INFO: Microblog startup [in Z:\_\microblog\app\__init__.py:183]
2022-04-19 19:10:01,231 INFO: Microblog startup [in Z:\_\microblog\app\__init__.py:183]
2022-04-19 19:10:30,162 INFO: Microblog startup [in Z:\_\microblog\app\__init__.py:183]
2022-04-19 19:10:37,500 INFO: Microblog startup [in Z:\_\microblog\app\__init__.py:183]
2022-04-19 19:10:56,594 INFO: Microblog startup [in Z:\_\microblog\app\__init__.py:183]
2022-04-19 19:11:01,455 INFO: Microblog startup [in Z:\_\microblog\app\__init__.py:183]
2022-04-19 19:11:06,426 INFO: Microblog startup [in Z:\_\microblog\app\__init__.py:183]
2022-04-19 19:12:23,486 INFO: Microblog startup [in Z:\_\microblog\app\__init__.py:183]
2022-04-19 19:12:26,610 INFO: Microblog startup [in Z:\_\microblog\app\__init__.py:183]
2022-04-19 19:12:47,753 INFO: Microblog startup [in Z:\_\microblog\app\__init__.py:183]
2022-04-19 19:12:55,452 INFO: Microblog startup [in Z:\_\microblog\app\__init__.py:183]
2022-04-19 19:12:59,745 INFO: Microblog startup [in Z:\_\microblog\app\__init__.py:183]
2022-04-20 13:07:51,291 INFO: Microblog startup [in Z:\_\microblog\app\__init__.py:183]
2022-04-20 13:07:55,420 INFO: Microblog startup [in Z:\_\microblog\app\__init__.py:183]
2022-04-20 16:46:32,940 INFO: Microblog startup [in Z:\_\microblog\app\__init__.py:194]
2022-04-20 16:46:35,946 INFO: Microblog startup [in Z:\_\microblog\app\__init__.py:194]
2022-04-22 14:33:34,436 INFO: Microblog startup [in Z:\_\microblog\app\__init__.py:195]
2022-04-22 14:33:43,094 INFO: Microblog startup [in Z:\_\microblog\app\__init__.py:195]
